VirtualBox XPCOM Server 5.2.8 r120774 linux.amd64 (Feb 28 2018 07:46:09) release log
00:00:00.007791 main     Log opened 2018-05-05T23:10:19.896311000Z
00:00:00.007793 main     Build Type: release
00:00:00.007795 main     OS Product: Linux
00:00:00.007797 main     OS Release: 4.14.27-1-MANJARO
00:00:00.007798 main     OS Version: #1 SMP PREEMPT Thu Mar 15 19:47:13 UTC 2018
00:00:00.007822 main     DMI Product Name: HP Pavilion g4 Notebook PC      
00:00:00.007835 main     DMI Product Version: 0695130000004610000600000
00:00:00.007887 main     Host RAM: 3895MB (3.8GB) total, 3368MB (3.2GB) available
00:00:00.007890 main     Executable: /usr/lib/virtualbox/VBoxSVC
00:00:00.007891 main     Process ID: 19182
00:00:00.007892 main     Package type: LINUX_64BITS_GENERIC (OSE)
00:00:00.010141 main     IPC socket path: /tmp/.vbox-dragneel-ipc/ipcd
00:00:00.139413 nspr-2   VirtualBox: object creation starts
00:00:00.155220 nspr-2   Home directory: '/home/dragneel/.config/VirtualBox'
00:00:00.164118 nspr-2   Loading settings file "/home/dragneel/.config/VirtualBox/VirtualBox.xml" with version "1.12-linux"
00:00:00.205071 nspr-2   Successfully initialised host USB using sysfs
00:00:00.232362 nspr-2   NetIfAdpCtlOut: VBoxNetAdpCtl: Error while retrieving link status for wlp2s0: VBoxNetAdpCtl: ioctl failed: Operation not supported
00:00:00.262941 nspr-2   NAT: resolv.conf: nameserver 192.168.1.1
00:00:00.262985 nspr-2   HostDnsMonitor: old information
00:00:00.262993 nspr-2     no server entries
00:00:00.262998 nspr-2     no domain set
00:00:00.263004 nspr-2     no search string entries
00:00:00.263009 nspr-2   HostDnsMonitor: new information
00:00:00.263014 nspr-2     server 1: 192.168.1.1
00:00:00.263020 nspr-2     no domain set
00:00:00.263023 nspr-2     no search string entries
00:00:00.263030 nspr-2   HostDnsMonitorProxy::notify
00:00:00.300192 nspr-2   VD: VDInit finished with VINF_SUCCESS
00:00:00.301156 nspr-2   ERROR [COM]: aRC=NS_ERROR_FAILURE (0x80004005) aIID={0eb668d2-495e-5a36-8890-29999b5f030c} aComponent={SystemPropertiesWrap} aText={Cannot determine default Guest Additions ISO location. Most likely they are not available}, preserve=false aResultDetail=0
00:00:00.307685 nspr-2   VirtualBox: object created
00:00:25.941673 main     VirtualBox: object deletion starts
00:00:26.314393 Watcher  ERROR [COM]: aRC=E_ACCESSDENIED (0x80070005) aIID={9570b9d5-f1a1-448a-10c5-e12f5285adad} aComponent={VirtualBoxWrap} aText={The object is not ready}, preserve=false aResultDetail=0
00:00:30.946747 main     {00007f2cf8018e70} HostPowerServiceLinux::~HostPowerServiceLinux: RTThreadWait() for 5000 ms failed with VERR_TIMEOUT
00:00:30.947070 main     VirtualBox: object deleted
